0 info it worked if it ends with ok
1 verbose cli [ 'node', '/usr/local/bin/npm', 'publish' ]
2 info using npm@1.3.24
3 info using node@v0.10.25
4 verbose publish [ '.' ]
5 verbose cache add [ '.', null ]
6 verbose cache add name=undefined spec="." args=[".",null]
7 verbose parsed url { protocol: null,
7 verbose parsed url   slashes: null,
7 verbose parsed url   auth: null,
7 verbose parsed url   host: null,
7 verbose parsed url   port: null,
7 verbose parsed url   hostname: null,
7 verbose parsed url   hash: null,
7 verbose parsed url   search: null,
7 verbose parsed url   query: null,
7 verbose parsed url   pathname: '.',
7 verbose parsed url   path: '.',
7 verbose parsed url   href: '.' }
8 silly lockFile 3a52ce78- .
9 verbose lock . /users/anton_kazmiarchuk/.npm/3a52ce78-.lock
10 verbose tar pack [ '/var/folders/c0/8v8n79qn1w7g_mv27hsydydh0009rh/T/npm-7629-YwXzubD9/1401523399194-0.008695330703631043/tmp.tgz',
10 verbose tar pack   '.' ]
11 verbose tarball /var/folders/c0/8v8n79qn1w7g_mv27hsydydh0009rh/T/npm-7629-YwXzubD9/1401523399194-0.008695330703631043/tmp.tgz
12 verbose folder .
13 info prepublish dp-wisp@0.0.0
14 silly lockFile 1f1177db-tar tar://.
15 verbose lock tar://. /users/anton_kazmiarchuk/.npm/1f1177db-tar.lock
16 silly lockFile 365f4662-194-0-008695330703631043-tmp-tgz tar:///var/folders/c0/8v8n79qn1w7g_mv27hsydydh0009rh/T/npm-7629-YwXzubD9/1401523399194-0.008695330703631043/tmp.tgz
17 verbose lock tar:///var/folders/c0/8v8n79qn1w7g_mv27hsydydh0009rh/T/npm-7629-YwXzubD9/1401523399194-0.008695330703631043/tmp.tgz /users/anton_kazmiarchuk/.npm/365f4662-194-0-008695330703631043-tmp-tgz.lock
18 silly lockFile 1f1177db-tar tar://.
19 silly lockFile 1f1177db-tar tar://.
20 silly lockFile 365f4662-194-0-008695330703631043-tmp-tgz tar:///var/folders/c0/8v8n79qn1w7g_mv27hsydydh0009rh/T/npm-7629-YwXzubD9/1401523399194-0.008695330703631043/tmp.tgz
21 silly lockFile 365f4662-194-0-008695330703631043-tmp-tgz tar:///var/folders/c0/8v8n79qn1w7g_mv27hsydydh0009rh/T/npm-7629-YwXzubD9/1401523399194-0.008695330703631043/tmp.tgz
22 verbose tar unpack /var/folders/c0/8v8n79qn1w7g_mv27hsydydh0009rh/T/npm-7629-YwXzubD9/1401523399194-0.008695330703631043/tmp.tgz
23 silly lockFile 22ee0b96-194-0-008695330703631043-package tar:///var/folders/c0/8v8n79qn1w7g_mv27hsydydh0009rh/T/npm-7629-YwXzubD9/1401523399194-0.008695330703631043/package
24 verbose lock tar:///var/folders/c0/8v8n79qn1w7g_mv27hsydydh0009rh/T/npm-7629-YwXzubD9/1401523399194-0.008695330703631043/package /users/anton_kazmiarchuk/.npm/22ee0b96-194-0-008695330703631043-package.lock
25 silly lockFile 365f4662-194-0-008695330703631043-tmp-tgz tar:///var/folders/c0/8v8n79qn1w7g_mv27hsydydh0009rh/T/npm-7629-YwXzubD9/1401523399194-0.008695330703631043/tmp.tgz
26 verbose lock tar:///var/folders/c0/8v8n79qn1w7g_mv27hsydydh0009rh/T/npm-7629-YwXzubD9/1401523399194-0.008695330703631043/tmp.tgz /users/anton_kazmiarchuk/.npm/365f4662-194-0-008695330703631043-tmp-tgz.lock
27 silly gunzTarPerm modes [ '755', '644' ]
28 silly gunzTarPerm extractEntry package.json
29 silly gunzTarPerm extractEntry .npmignore
30 silly gunzTarPerm extractEntry README.md
31 silly gunzTarPerm extractEntry index.js
32 silly gunzTarPerm extractEntry fn/computep.js
33 silly gunzTarPerm extractEntry fn/sortjobs.js
34 silly gunzTarPerm extractEntry fn/traceback.js
35 silly gunzTarPerm extractEntry fn/test/computep.js
36 silly gunzTarPerm extractEntry fn/test/sortjobs.js
37 silly gunzTarPerm extractEntry fn/test/traceback.js
38 silly gunzTarPerm extractEntry test/index.js
39 silly lockFile 22ee0b96-194-0-008695330703631043-package tar:///var/folders/c0/8v8n79qn1w7g_mv27hsydydh0009rh/T/npm-7629-YwXzubD9/1401523399194-0.008695330703631043/package
40 silly lockFile 22ee0b96-194-0-008695330703631043-package tar:///var/folders/c0/8v8n79qn1w7g_mv27hsydydh0009rh/T/npm-7629-YwXzubD9/1401523399194-0.008695330703631043/package
41 silly lockFile 365f4662-194-0-008695330703631043-tmp-tgz tar:///var/folders/c0/8v8n79qn1w7g_mv27hsydydh0009rh/T/npm-7629-YwXzubD9/1401523399194-0.008695330703631043/tmp.tgz
42 silly lockFile 365f4662-194-0-008695330703631043-tmp-tgz tar:///var/folders/c0/8v8n79qn1w7g_mv27hsydydh0009rh/T/npm-7629-YwXzubD9/1401523399194-0.008695330703631043/tmp.tgz
43 verbose tar pack [ '/users/anton_kazmiarchuk/.npm/dp-wisp/0.0.0/package.tgz',
43 verbose tar pack   '/var/folders/c0/8v8n79qn1w7g_mv27hsydydh0009rh/T/npm-7629-YwXzubD9/1401523399194-0.008695330703631043/package' ]
44 verbose tarball /users/anton_kazmiarchuk/.npm/dp-wisp/0.0.0/package.tgz
45 verbose folder /var/folders/c0/8v8n79qn1w7g_mv27hsydydh0009rh/T/npm-7629-YwXzubD9/1401523399194-0.008695330703631043/package
46 silly lockFile 22ee0b96-194-0-008695330703631043-package tar:///var/folders/c0/8v8n79qn1w7g_mv27hsydydh0009rh/T/npm-7629-YwXzubD9/1401523399194-0.008695330703631043/package
47 verbose lock tar:///var/folders/c0/8v8n79qn1w7g_mv27hsydydh0009rh/T/npm-7629-YwXzubD9/1401523399194-0.008695330703631043/package /users/anton_kazmiarchuk/.npm/22ee0b96-194-0-008695330703631043-package.lock
48 silly lockFile b8455e47-uk-npm-dp-wisp-0-0-0-package-tgz tar:///users/anton_kazmiarchuk/.npm/dp-wisp/0.0.0/package.tgz
49 verbose lock tar:///users/anton_kazmiarchuk/.npm/dp-wisp/0.0.0/package.tgz /users/anton_kazmiarchuk/.npm/b8455e47-uk-npm-dp-wisp-0-0-0-package-tgz.lock
50 silly lockFile 22ee0b96-194-0-008695330703631043-package tar:///var/folders/c0/8v8n79qn1w7g_mv27hsydydh0009rh/T/npm-7629-YwXzubD9/1401523399194-0.008695330703631043/package
51 silly lockFile 22ee0b96-194-0-008695330703631043-package tar:///var/folders/c0/8v8n79qn1w7g_mv27hsydydh0009rh/T/npm-7629-YwXzubD9/1401523399194-0.008695330703631043/package
52 silly lockFile b8455e47-uk-npm-dp-wisp-0-0-0-package-tgz tar:///users/anton_kazmiarchuk/.npm/dp-wisp/0.0.0/package.tgz
53 silly lockFile b8455e47-uk-npm-dp-wisp-0-0-0-package-tgz tar:///users/anton_kazmiarchuk/.npm/dp-wisp/0.0.0/package.tgz
54 silly lockFile a2661ffc-archuk-npm-dp-wisp-0-0-0-package /users/anton_kazmiarchuk/.npm/dp-wisp/0.0.0/package
55 verbose lock /users/anton_kazmiarchuk/.npm/dp-wisp/0.0.0/package /users/anton_kazmiarchuk/.npm/a2661ffc-archuk-npm-dp-wisp-0-0-0-package.lock
56 silly lockFile a2661ffc-archuk-npm-dp-wisp-0-0-0-package /users/anton_kazmiarchuk/.npm/dp-wisp/0.0.0/package
57 silly lockFile a2661ffc-archuk-npm-dp-wisp-0-0-0-package /users/anton_kazmiarchuk/.npm/dp-wisp/0.0.0/package
58 verbose tar unpack /users/anton_kazmiarchuk/.npm/dp-wisp/0.0.0/package.tgz
59 silly lockFile a68a6b8c-archuk-npm-dp-wisp-0-0-0-package tar:///users/anton_kazmiarchuk/.npm/dp-wisp/0.0.0/package
60 verbose lock tar:///users/anton_kazmiarchuk/.npm/dp-wisp/0.0.0/package /users/anton_kazmiarchuk/.npm/a68a6b8c-archuk-npm-dp-wisp-0-0-0-package.lock
61 silly lockFile b8455e47-uk-npm-dp-wisp-0-0-0-package-tgz tar:///users/anton_kazmiarchuk/.npm/dp-wisp/0.0.0/package.tgz
62 verbose lock tar:///users/anton_kazmiarchuk/.npm/dp-wisp/0.0.0/package.tgz /users/anton_kazmiarchuk/.npm/b8455e47-uk-npm-dp-wisp-0-0-0-package-tgz.lock
63 silly gunzTarPerm modes [ '755', '644' ]
64 silly gunzTarPerm extractEntry package.json
65 silly gunzTarPerm extractEntry .npmignore
66 silly gunzTarPerm extractEntry README.md
67 silly gunzTarPerm extractEntry index.js
68 silly gunzTarPerm extractEntry fn/computep.js
69 silly gunzTarPerm extractEntry fn/sortjobs.js
70 silly gunzTarPerm extractEntry fn/traceback.js
71 silly gunzTarPerm extractEntry fn/test/computep.js
72 silly gunzTarPerm extractEntry fn/test/sortjobs.js
73 silly gunzTarPerm extractEntry fn/test/traceback.js
74 silly gunzTarPerm extractEntry test/index.js
75 silly lockFile a68a6b8c-archuk-npm-dp-wisp-0-0-0-package tar:///users/anton_kazmiarchuk/.npm/dp-wisp/0.0.0/package
76 silly lockFile a68a6b8c-archuk-npm-dp-wisp-0-0-0-package tar:///users/anton_kazmiarchuk/.npm/dp-wisp/0.0.0/package
77 silly lockFile b8455e47-uk-npm-dp-wisp-0-0-0-package-tgz tar:///users/anton_kazmiarchuk/.npm/dp-wisp/0.0.0/package.tgz
78 silly lockFile b8455e47-uk-npm-dp-wisp-0-0-0-package-tgz tar:///users/anton_kazmiarchuk/.npm/dp-wisp/0.0.0/package.tgz
79 verbose chmod /users/anton_kazmiarchuk/.npm/dp-wisp/0.0.0/package.tgz 644
80 verbose chown /users/anton_kazmiarchuk/.npm/dp-wisp/0.0.0/package.tgz [ 10000, 10000 ]
81 silly lockFile 3a52ce78- .
82 silly lockFile 3a52ce78- .
83 silly publish { name: 'dp-wisp',
83 silly publish   version: '0.0.0',
83 silly publish   description: 'dynamic programming algorithm for weighted interval scheduling problem',
83 silly publish   main: 'index.js',
83 silly publish   scripts: { test: 'echo "Error: no test specified" && exit 1' },
83 silly publish   repository: { type: 'git', url: 'https://github.com/ttrfstud/dp-wisp.git' },
83 silly publish   author: '',
83 silly publish   license: 'ISC',
83 silly publish   bugs: { url: 'https://github.com/ttrfstud/dp-wisp/issues' },
83 silly publish   homepage: 'https://github.com/ttrfstud/dp-wisp',
83 silly publish   devDependencies: { taptap: '0.0.3' },
83 silly publish   readme: 'dp-wisp\n=================\ndp-wisp is a module computing solution for weighted interval scheduling problem, using dynamic programming algorithm described [here](http://courses.cs.washington.edu/courses/cse521/13wi/slides/06dp-sched.pdf). the signature of the only exported method is _(jobs, weif)_, where jobs is an array of jobs, where each job has .s (start) and .f (finish) properties. weif is short for "weighting function", its signature should be _(job)_, and it will be passed any job to determine the weight of that job. please check your arguments before invoking it!',
83 silly publish   readmeFilename: 'README.md',
83 silly publish   _id: 'dp-wisp@0.0.0',
83 silly publish   dist: { shasum: '05b9388bdbe270e79b6dc9dd1210a83a902510fb' },
83 silly publish   _from: '.' }
84 verbose url raw dp-wisp
85 verbose url resolving [ 'https://registry.npmjs.org/', './dp-wisp' ]
86 verbose url resolved https://registry.npmjs.org/dp-wisp
87 info trying registry request attempt 1 at 11:03:20
88 http PUT https://registry.npmjs.org/dp-wisp
89 http 403 https://registry.npmjs.org/dp-wisp
90 info trying registry request attempt 1 at 11:03:22
91 http PUT https://registry.npmjs.org/dp-wisp
92 http 403 https://registry.npmjs.org/dp-wisp
93 error publish Failed PUT 403
94 error Error: forbidden cannot modify pre-existing version: 0.0.0
94 error old={"name":"dp-wisp","version":"0.0.0","description":"dynamic programming algorithm for weighted interval scheduling problem","main":"index.js","scripts":{"test":"echo \"Error: no test specified\" && exit 1"},"repository":{"type":"git","url":"https://github.com/ttrfstud/dp-wisp.git"},"author":"","license":"ISC","bugs":{"url":"https://github.com/ttrfstud/dp-wisp/issues"},"homepage":"https://github.com/ttrfstud/dp-wisp","devDependencies":{"taptap":"0.0.3"},"_id":"dp-wisp@0.0.0","dist":{"shasum":"9dcbf93942c02494cb146d8a781acea88d3472df","tarball":"http://registry.npmjs.org/dp-wisp/-/dp-wisp-0.0.0.tgz"},"_from":".","_npmVersion":"1.3.24","_npmUser":{"name":"ttrfstud","email":"ttrfstud@gmail.com"},"maintainers":[{"name":"ttrfstud","email":"ttrfstud@gmail.com"}]}
94 error new={"name":"dp-wisp","version":"0.0.0","description":"dynamic programming algorithm for weighted interval scheduling problem","main":"index.js","scripts":{"test":"echo \"Error: no test specified\" && exit 1"},"repository":{"type":"git","url":"https://github.com/ttrfstud/dp-wisp.git"},"author":"","license":"ISC","bugs":{"url":"https://github.com/ttrfstud/dp-wisp/issues"},"homepage":"https://github.com/ttrfstud/dp-wisp","devDependencies":{"taptap":"0.0.3"},"readme":"dp-wisp\u000a=================\u000adp-wisp is a module computing solution for weighted interval scheduling problem, using dynamic programming algorithm described [here](http://courses.cs.washington.edu/courses/cse521/13wi/slides/06dp-sched.pdf). the signature of the only exported method is _(jobs, weif)_, where jobs is an array of jobs, where each job has .s (start) and .f (finish) properties. weif is short for \"weighting function\", its signature should be _(job)_, and it will be passed any job to determine the weight of that job. please check your arguments before invoking it!","readmeFilename":"README.md","_id":"dp-wisp@0.0.0","dist":{"shasum":"05b9388bdbe270e79b6dc9dd1210a83a902510fb","tarball":"http://registry.npmjs.org/dp-wisp/-/dp-wisp-0.0.0.tgz"},"_from":".","_npmVersion":"1.3.24","_npmUser":{"name":"ttrfstud","email":"ttrfstud@gmail.com"},"maintainers":[{"name":"ttrfstud","email":"ttrfstud@gmail.com"}]}: dp-wisp
94 error     at RegClient.<anonymous> (/usr/local/lib/node_modules/npm/node_modules/npm-registry-client/lib/request.js:275:14)
94 error     at Request.self.callback (/usr/local/lib/node_modules/npm/node_modules/request/request.js:123:22)
94 error     at Request.EventEmitter.emit (events.js:98:17)
94 error     at Request.<anonymous> (/usr/local/lib/node_modules/npm/node_modules/request/request.js:893:14)
94 error     at Request.EventEmitter.emit (events.js:117:20)
94 error     at IncomingMessage.<anonymous> (/usr/local/lib/node_modules/npm/node_modules/request/request.js:844:12)
94 error     at IncomingMessage.EventEmitter.emit (events.js:117:20)
94 error     at _stream_readable.js:920:16
94 error     at process._tickCallback (node.js:415:13)
95 error If you need help, you may report this *entire* log,
95 error including the npm and node versions, at:
95 error     <http://github.com/isaacs/npm/issues>
96 error System Darwin 13.0.0
97 error command "node" "/usr/local/bin/npm" "publish"
98 error cwd /Users/anton_kazmiarchuk/Desktop/testdir/dp-wisp
99 error node -v v0.10.25
100 error npm -v 1.3.24
101 verbose exit [ 1, true ]
